0 info it worked if it ends with ok
1 verbose cli [ 'node', '/usr/local/bin/npm', 'install', '--save', 'pm2' ]
2 info using npm@1.4.28
3 info using node@v0.10.35
4 verbose readDependencies using package.json deps
5 verbose cache add [ 'pm2', null ]
6 verbose cache add name=undefined spec="pm2" args=["pm2",null]
7 verbose parsed url { protocol: null,
7 verbose parsed url   slashes: null,
7 verbose parsed url   auth: null,
7 verbose parsed url   host: null,
7 verbose parsed url   port: null,
7 verbose parsed url   hostname: null,
7 verbose parsed url   hash: null,
7 verbose parsed url   search: null,
7 verbose parsed url   query: null,
7 verbose parsed url   pathname: 'pm2',
7 verbose parsed url   path: 'pm2',
7 verbose parsed url   href: 'pm2' }
8 silly lockFile b1fbedd8-pm2 pm2
9 verbose lock pm2 /Users/patrick/.npm/b1fbedd8-pm2.lock
10 silly lockFile b1fbedd8-pm2 pm2
11 silly lockFile b1fbedd8-pm2 pm2
12 verbose addNamed [ 'pm2', '' ]
13 verbose addNamed [ null, '*' ]
14 silly lockFile d1072219-pm2 pm2@
15 verbose lock pm2@ /Users/patrick/.npm/d1072219-pm2.lock
16 silly addNameRange { name: 'pm2', range: '*', hasData: false }
17 verbose request where is /pm2
18 verbose request registry https://registry.npmjs.org/
19 verbose request id fe6ce5153f24ab66
20 verbose url raw /pm2
21 verbose url resolving [ 'https://registry.npmjs.org/', './pm2' ]
22 verbose url resolved https://registry.npmjs.org/pm2
23 verbose request where is https://registry.npmjs.org/pm2
24 info trying registry request attempt 1 at 23:43:49
25 verbose etag "2CNC6I31S13KC7KS9WIYNOBBC"
26 http GET https://registry.npmjs.org/pm2
27 http 200 https://registry.npmjs.org/pm2
28 silly registry.get cb [ 200,
28 silly registry.get   { date: 'Mon, 23 Feb 2015 05:43:50 GMT',
28 silly registry.get     server: 'CouchDB/1.5.0 (Erlang OTP/R16B03)',
28 silly registry.get     etag: '"6KNI8BB1E3C5VSGZXI9VMT6BY"',
28 silly registry.get     'content-type': 'application/json',
28 silly registry.get     'cache-control': 'max-age=60',
28 silly registry.get     'content-length': '270162',
28 silly registry.get     'accept-ranges': 'bytes',
28 silly registry.get     via: '1.1 varnish',
28 silly registry.get     age: '0',
28 silly registry.get     'x-served-by': 'cache-ord1735-ORD',
28 silly registry.get     'x-cache': 'HIT',
28 silly registry.get     'x-cache-hits': '1',
28 silly registry.get     'x-timer': 'S1424670229.846760,VS0,VE275',
28 silly registry.get     vary: 'Accept',
28 silly registry.get     'keep-alive': 'timeout=10, max=50',
28 silly registry.get     connection: 'Keep-Alive' } ]
29 silly addNameRange number 2 { name: 'pm2', range: '*', hasData: true }
30 silly addNameRange versions [ 'pm2',
30 silly addNameRange   [ '0.4.0',
30 silly addNameRange     '0.4.1',
30 silly addNameRange     '0.4.2',
30 silly addNameRange     '0.4.3',
30 silly addNameRange     '0.4.4',
30 silly addNameRange     '0.4.5',
30 silly addNameRange     '0.4.6',
30 silly addNameRange     '0.4.7',
30 silly addNameRange     '0.4.8',
30 silly addNameRange     '0.4.10',
30 silly addNameRange     '0.4.11',
30 silly addNameRange     '0.4.12',
30 silly addNameRange     '0.4.13',
30 silly addNameRange     '0.4.14',
30 silly addNameRange     '0.5.0',
30 silly addNameRange     '0.5.1',
30 silly addNameRange     '0.5.2',
30 silly addNameRange     '0.5.3',
30 silly addNameRange     '0.5.4',
30 silly addNameRange     '0.5.5',
30 silly addNameRange     '0.5.6',
30 silly addNameRange     '0.5.7',
30 silly addNameRange     '0.6.2',
30 silly addNameRange     '0.6.3',
30 silly addNameRange     '0.6.4',
30 silly addNameRange     '0.6.5',
30 silly addNameRange     '0.6.6',
30 silly addNameRange     '0.6.7',
30 silly addNameRange     '0.6.8',
30 silly addNameRange     '0.6.9',
30 silly addNameRange     '0.6.10',
30 silly addNameRange     '0.6.11',
30 silly addNameRange     '0.6.12',
30 silly addNameRange     '0.6.13',
30 silly addNameRange     '0.6.14',
30 silly addNameRange     '0.6.15',
30 silly addNameRange     '0.7.0',
30 silly addNameRange     '0.7.1',
30 silly addNameRange     '0.7.2',
30 silly addNameRange     '0.7.3',
30 silly addNameRange     '0.7.4',
30 silly addNameRange     '0.7.5',
30 silly addNameRange     '0.7.6',
30 silly addNameRange     '0.7.7',
30 silly addNameRange     '0.7.8',
30 silly addNameRange     '0.8.0',
30 silly addNameRange     '0.8.1',
30 silly addNameRange     '0.8.2',
30 silly addNameRange     '0.8.3',
30 silly addNameRange     '0.8.4',
30 silly addNameRange     '0.8.5',
30 silly addNameRange     '0.8.6',
30 silly addNameRange     '0.8.7',
30 silly addNameRange     '0.8.8',
30 silly addNameRange     '0.8.9',
30 silly addNameRange     '0.8.10',
30 silly addNameRange     '0.8.11',
30 silly addNameRange     '0.8.12',
30 silly addNameRange     '0.8.13',
30 silly addNameRange     '0.8.14',
30 silly addNameRange     '0.8.15',
30 silly addNameRange     '0.9.0',
30 silly addNameRange     '0.9.1',
30 silly addNameRange     '0.9.2',
30 silly addNameRange     '0.9.3',
30 silly addNameRange     '0.9.4',
30 silly addNameRange     '0.9.5',
30 silly addNameRange     '0.9.6',
30 silly addNameRange     '0.10.0-beta1',
30 silly addNameRange     '0.10.0-beta2',
30 silly addNameRange     '0.10.0-beta4',
30 silly addNameRange     '0.10.0-beta5',
30 silly addNameRange     '0.10.0-beta6',
30 silly addNameRange     '0.10.0-beta7',
30 silly addNameRange     '0.10.0-beta8',
30 silly addNameRange     '0.10.0-beta9',
30 silly addNameRange     '0.10.0-beta10',
30 silly addNameRange     '0.10.0-beta11',
30 silly addNameRange     '0.10.0-beta12',
30 silly addNameRange     '0.10.0-beta13',
30 silly addNameRange     '0.10.0-beta14',
30 silly addNameRange     '0.10.0-beta15',
30 silly addNameRange     '0.10.0-beta16',
30 silly addNameRange     '0.10.0-beta17',
30 silly addNameRange     '0.10.0-beta18',
30 silly addNameRange     '0.10.0-beta19',
30 silly addNameRange     '0.10.0-beta20',
30 silly addNameRange     '0.10.0-beta21',
30 silly addNameRange     '0.10.0-beta22',
30 silly addNameRange     '0.10.0-beta23',
30 silly addNameRange     '0.10.0-beta25',
30 silly addNameRange     '0.10.0',
30 silly addNameRange     '0.10.1',
30 silly addNameRange     '0.10.2',
30 silly addNameRange     '0.10.3',
30 silly addNameRange     '0.10.4',
30 silly addNameRange     '0.10.5',
30 silly addNameRange     '0.10.6',
30 silly addNameRange     '0.10.7',
30 silly addNameRange     '0.10.8',
30 silly addNameRange     '0.11.0-beta1',
30 silly addNameRange     '0.11.0',
30 silly addNameRange     '0.11.1',
30 silly addNameRange     '0.12.0',
30 silly addNameRange     '0.12.1',
30 silly addNameRange     '0.12.2',
30 silly addNameRange     '0.12.3',
30 silly addNameRange     '0.12.4',
30 silly addNameRange     '0.12.5' ] ]
31 verbose addNamed [ 'pm2', '0.12.5' ]
32 verbose addNamed [ '0.12.5', '0.12.5' ]
33 silly lockFile a0af6a3b-pm2-0-12-5 pm2@0.12.5
34 verbose lock pm2@0.12.5 /Users/patrick/.npm/a0af6a3b-pm2-0-12-5.lock
35 silly lockFile e4c6d713-try-npmjs-org-pm2-pm2-0-12-5-tgz https://registry.npmjs.org/pm2/-/pm2-0.12.5.tgz
36 verbose lock https://registry.npmjs.org/pm2/-/pm2-0.12.5.tgz /Users/patrick/.npm/e4c6d713-try-npmjs-org-pm2-pm2-0-12-5-tgz.lock
37 verbose addRemoteTarball [ 'https://registry.npmjs.org/pm2/-/pm2-0.12.5.tgz',
37 verbose addRemoteTarball   '4b5f3404d2a01ac77d2284488199054e4dc48f58' ]
38 info retry fetch attempt 1 at 23:43:50
39 verbose fetch to= /var/folders/gt/x608thwx5gz857h5dz_7dn0c0000gn/T/npm-2473-GeUXGToT/registry.npmjs.org/pm2/-/pm2-0.12.5.tgz
40 http GET https://registry.npmjs.org/pm2/-/pm2-0.12.5.tgz
41 http 200 https://registry.npmjs.org/pm2/-/pm2-0.12.5.tgz
42 silly lockFile e4c6d713-try-npmjs-org-pm2-pm2-0-12-5-tgz https://registry.npmjs.org/pm2/-/pm2-0.12.5.tgz
43 silly lockFile e4c6d713-try-npmjs-org-pm2-pm2-0-12-5-tgz https://registry.npmjs.org/pm2/-/pm2-0.12.5.tgz
44 silly lockFile a0af6a3b-pm2-0-12-5 pm2@0.12.5
45 silly lockFile a0af6a3b-pm2-0-12-5 pm2@0.12.5
46 silly lockFile d1072219-pm2 pm2@
47 silly lockFile d1072219-pm2 pm2@
48 error Error: EACCES, mkdir '/Users/patrick/.npm/pm2/0.12.5'
48 error  { [Error: EACCES, mkdir '/Users/patrick/.npm/pm2/0.12.5']
48 error   errno: 3,
48 error   code: 'EACCES',
48 error   path: '/Users/patrick/.npm/pm2/0.12.5',
48 error   parent: 'SparkTwilioControlServer' }
49 error Please try running this command again as root/Administrator.
50 error System Darwin 14.1.0
51 error command "node" "/usr/local/bin/npm" "install" "--save" "pm2"
52 error cwd /Users/patrick/Development/webdev/spark-twilio-project/SparkTwilioControlServer
53 error node -v v0.10.35
54 error npm -v 1.4.28
55 error path /Users/patrick/.npm/pm2/0.12.5
56 error code EACCES
57 error errno 3
58 error stack Error: EACCES, mkdir '/Users/patrick/.npm/pm2/0.12.5'
59 verbose exit [ 3, true ]
